TN:
SF:src/modules/appointments/services/CreateAppointmentService.ts
FN:21,(anonymous_18)
FN:24,CreateAppointmentService
FN:32,(anonymous_20)
FNF:3
FNH:3
FNDA:1,(anonymous_18)
FNDA:2,CreateAppointmentService
FNDA:3,(anonymous_20)
DA:1,1
DA:5,1
DA:6,1
DA:8,1
DA:21,1
DA:27,2
DA:32,3
DA:34,3
DA:36,3
DA:38,3
DA:39,1
DA:43,2
DA:49,2
DA:52,1
DA:54,1
LF:15
LH:15
BRDA:38,0,0,1
BRDA:38,0,1,2
BRF:2
BRH:2
end_of_record
TN:
SF:src/modules/users/services/AuthenticateUserService.ts
FN:21,(anonymous_18)
FN:23,AuthenticateUserService
FN:31,(anonymous_20)
FNF:3
FNH:3
FNDA:1,(anonymous_18)
FNDA:3,AuthenticateUserService
FNDA:3,(anonymous_20)
DA:2,1
DA:3,1
DA:4,1
DA:6,1
DA:21,1
DA:25,3
DA:28,3
DA:31,3
DA:33,3
DA:35,3
DA:36,1
DA:39,2
DA:41,2
DA:42,1
DA:45,1
DA:47,1
DA:52,1
DA:57,1
DA:59,1
LF:19
LH:19
BRDA:33,0,0,3
BRDA:35,1,0,1
BRDA:35,1,1,2
BRDA:41,2,0,1
BRDA:41,2,1,1
BRF:5
BRH:5
end_of_record
TN:
SF:src/modules/users/services/CreateUserService.ts
FN:18,(anonymous_18)
FN:20,CreateUserService
FN:29,(anonymous_20)
FNF:3
FNH:3
FNDA:2,(anonymous_18)
FNDA:5,CreateUserService
FNDA:5,(anonymous_20)
DA:3,2
DA:7,2
DA:18,2
DA:22,5
DA:25,5
DA:29,5
DA:32,5
DA:34,5
DA:35,1
DA:38,4
DA:40,4
DA:48,4
DA:50,2
DA:52,2
LF:14
LH:14
BRDA:32,0,0,5
BRDA:34,1,0,1
BRDA:34,1,1,4
BRF:3
BRH:3
end_of_record
TN:
SF:src/modules/users/services/UpdateUserAvatarService.ts
FN:23,(anonymous_18)
FN:25,UpdateUserAvatarService
FN:35,(anonymous_20)
FNF:3
FNH:3
FNDA:1,(anonymous_18)
FNDA:3,UpdateUserAvatarService
FNDA:4,(anonymous_20)
DA:6,1
DA:9,1
DA:23,1
DA:27,3
DA:30,3
DA:35,4
DA:38,4
DA:40,4
DA:42,4
DA:43,1
DA:46,5
DA:47,2
DA:50,3
DA:52,3
DA:54,6
DA:56,3
DA:60,1
DA:62,1
LF:18
LH:18
BRDA:38,0,0,4
BRDA:38,0,1,3
BRDA:42,1,0,1
BRDA:42,1,1,3
BRDA:46,2,0,2
BRDA:46,2,1,1
BRF:6
BRH:6
end_of_record
